<?xml version="1.0" encoding="UTF-8"?>
<!-- Generated by org.testng.reporters.JUnitReportReporter -->
<testsuite skipped="0" hostname="Balajis-MBP.lan" name="addOddAndEven.AddOddAndEven" tests="4" failures="0" timestamp="2022-12-22T18:18:58 CST" time="0.011" errors="0">
  <testcase name="test1" time="0.008" classname="addOddAndEven.AddOddAndEven"/>
  <system-out/>
  <testcase name="test3" time="0.001" classname="addOddAndEven.AddOddAndEven"/>
  <system-out/>
  <testcase name="test4" time="0.001" classname="addOddAndEven.AddOddAndEven"/>
  <system-out/>
  <testcase name="test2" time="0.001" classname="addOddAndEven.AddOddAndEven"/>
  <system-out/>
</testsuite> <!-- addOddAndEven.AddOddAndEven -->
