<?xml version="1.0" encoding="UTF-8"?>
<!-- Generated by org.testng.reporters.JUnitReportReporter -->
<testsuite skipped="0" hostname="Balajis-MBP.lan" name="sprint1JavaPro.anagram.AnagramPro" tests="3" failures="0" timestamp="2022-12-22T17:31:52 CST" time="0.010" errors="0">
  <testcase name="test1" time="0.008" classname="sprint1JavaPro.anagram.AnagramPro"/>
  <system-out/>
  <testcase name="test3" time="0.001" classname="sprint1JavaPro.anagram.AnagramPro"/>
  <system-out/>
  <testcase name="test2" time="0.001" classname="sprint1JavaPro.anagram.AnagramPro"/>
  <system-out/>
</testsuite> <!-- sprint1JavaPro.anagram.AnagramPro -->
