<?xml version="1.0" encoding="UTF-8"?>
<!-- Generated by org.testng.reporters.JUnitReportReporter -->
<testsuite skipped="0" hostname="Balajis-MBP.lan" name="mathChallenge.MathChallenge" tests="1" failures="0" timestamp="2023-01-03T11:57:28 CST" time="0.010" errors="0">
  <testcase name="test1" time="0.010" classname="mathChallenge.MathChallenge"/>
  <system-out/>
</testsuite> <!-- mathChallenge.MathChallenge -->
